<?xml version="1.0" encoding="UTF-8"?>
<testsuite name="io.swagger.petstore.TestPet" tests="2" skipped="0" failures="0" errors="0" timestamp="2020-11-17T15:57:51" hostname="DESKTOP-H3TFF7G" time="3.196">
  <properties/>
  <testcase name="petModelTest" classname="io.swagger.petstore.TestPet" time="2.34"/>
  <testcase name="petTest" classname="io.swagger.petstore.TestPet" time="0.856"/>
  <system-out><![CDATA[{
    "id": 1,
    "name": "dog",
    "photoUrls": [
        "asdasdasd"
    ]
}
]]></system-out>
  <system-err><![CDATA[]]></system-err>
</testsuite>
