<?xml version="1.0" encoding="UTF-8"?>
<testsuite name="PetTest.PetGetTest" tests="2" skipped="0" failures="0" errors="0" timestamp="2020-12-13T19:56:58" hostname="DESKTOP-H3TFF7G" time="2.965">
  <properties/>
  <testcase name="TestGetPet" classname="PetTest.PetGetTest" time="1.502"/>
  <testcase name="TestGetExtendedPet" classname="PetTest.PetGetTest" time="1.462"/>
  <system-out><![CDATA[]]></system-out>
  <system-err><![CDATA[]]></system-err>
</testsuite>
