<?xml version="1.0" encoding="UTF-8"?>
<testsuite name="UserTest.UserCreateTest" tests="2" skipped="0" failures="0" errors="0" timestamp="2020-12-13T19:57:02" hostname="DESKTOP-H3TFF7G" time="1.512">
  <properties/>
  <testcase name="TestCreateUser" classname="UserTest.UserCreateTest" time="0.761"/>
  <testcase name="TestCreateNotValidUser" classname="UserTest.UserCreateTest" time="0.751"/>
  <system-out><![CDATA[]]></system-out>
  <system-err><![CDATA[]]></system-err>
</testsuite>
