<?xml version="1.0" encoding="UTF-8"?>
<testsuite name="OrderTest.OrderDeleteTest" tests="1" skipped="0" failures="0" errors="0" timestamp="2020-12-13T19:56:48" hostname="DESKTOP-H3TFF7G" time="2.339">
  <properties/>
  <testcase name="TestDeleteOrder" classname="OrderTest.OrderDeleteTest" time="2.339"/>
  <system-out><![CDATA[]]></system-out>
  <system-err><![CDATA[]]></system-err>
</testsuite>
