<?xml version="1.0" encoding="UTF-8"?>
<testsuite name="PetTest.PetUpdateTest" tests="1" skipped="0" failures="0" errors="0" timestamp="2020-12-13T19:57:01" hostname="DESKTOP-H3TFF7G" time="1.479">
  <properties/>
  <testcase name="TestUpdatePet" classname="PetTest.PetUpdateTest" time="1.479"/>
  <system-out><![CDATA[]]></system-out>
  <system-err><![CDATA[]]></system-err>
</testsuite>
