<?xml version="1.0" encoding="UTF-8"?>
<testsuite name="PetTest.PetUpdateTest" tests="1" skipped="0" failures="0" errors="0" timestamp="2020-11-18T15:49:35" hostname="DESKTOP-H3TFF7G" time="1.626">
  <properties/>
  <testcase name="TestUpdatePet" classname="PetTest.PetUpdateTest" time="1.626"/>
  <system-out><![CDATA[]]></system-out>
  <system-err><![CDATA[]]></system-err>
</testsuite>
