<?xml version="1.0" encoding="UTF-8"?>
<testsuite name="UserTest.UserGetTest" tests="1" skipped="0" failures="0" errors="0" timestamp="2020-12-13T19:57:05" hostname="DESKTOP-H3TFF7G" time="1.476">
  <properties/>
  <testcase name="TestGetUser" classname="UserTest.UserGetTest" time="1.476"/>
  <system-out><![CDATA[]]></system-out>
  <system-err><![CDATA[]]></system-err>
</testsuite>
