<?xml version="1.0" encoding="UTF-8"?>
<testsuite name="OrderTest.OrderCreateTest" tests="2" skipped="0" failures="0" errors="0" timestamp="2020-12-13T19:56:44" hostname="DESKTOP-H3TFF7G" time="3.855">
  <properties/>
  <testcase name="TestCreateNotValidOrder" classname="OrderTest.OrderCreateTest" time="2.242"/>
  <testcase name="TestCreateOrder" classname="OrderTest.OrderCreateTest" time="1.613"/>
  <system-out><![CDATA[]]></system-out>
  <system-err><![CDATA[]]></system-err>
</testsuite>
