<?xml version="1.0" encoding="UTF-8"?>
<testsuite name="OrderTest.OrderGetTest" tests="1" skipped="0" failures="0" errors="0" timestamp="2020-12-13T19:56:50" hostname="DESKTOP-H3TFF7G" time="2.429">
  <properties/>
  <testcase name="TestGetOrder" classname="OrderTest.OrderGetTest" time="2.429"/>
  <system-out><![CDATA[]]></system-out>
  <system-err><![CDATA[]]></system-err>
</testsuite>
