<?xml version="1.0" encoding="UTF-8"?>
<testsuite name="PetTest.PetCreateTest" tests="2" skipped="0" failures="0" errors="0" timestamp="2020-11-18T11:32:22" hostname="DESKTOP-H3TFF7G" time="4.611">
  <properties/>
  <testcase name="TestCreateExtendPet" classname="PetTest.PetCreateTest" time="2.516"/>
  <testcase name="TestCreatePet" classname="PetTest.PetCreateTest" time="2.095"/>
  <system-out><![CDATA[]]></system-out>
  <system-err><![CDATA[]]></system-err>
</testsuite>
