<?xml version="1.0" encoding="UTF-8"?>
<testsuite name="PetTest.PetGetTest" tests="2" skipped="0" failures="0" errors="0" timestamp="2020-11-18T15:49:32" hostname="DESKTOP-H3TFF7G" time="3.142">
  <properties/>
  <testcase name="TestGetPet" classname="PetTest.PetGetTest" time="1.553"/>
  <testcase name="TestGetExtendedPet" classname="PetTest.PetGetTest" time="1.589"/>
  <system-out><![CDATA[]]></system-out>
  <system-err><![CDATA[]]></system-err>
</testsuite>
