<?xml version="1.0" encoding="UTF-8"?>
<testsuite name="io.swagger.petstore.TestPet" tests="2" skipped="0" failures="0" errors="0" timestamp="2020-11-17T10:06:13" hostname="DESKTOP-H3TFF7G" time="5.238">
  <properties/>
  <testcase name="petModelTest" classname="io.swagger.petstore.TestPet" time="4.063"/>
  <testcase name="petTest" classname="io.swagger.petstore.TestPet" time="1.175"/>
  <system-out><![CDATA[]]></system-out>
  <system-err><![CDATA[]]></system-err>
</testsuite>
